[14:43:07] [Server/DEBUG]: Starting Plugin APi
[14:43:07] [Server/INFO]: Plugin API loading...
[14:43:07] [Server/INFO]: Checking some things...
[14:43:07] [Server/INFO]: Folder plugin exists!
[14:43:07] [Server/INFO]: Starting loading : Plugin Demo
[14:43:07] [Server/INFO]: Loaded !
[14:43:07] [Server/INFO]: Starting Minecraft server...
[14:43:07] [Server/DEBUG]: Server version: Alpha-dev
[14:43:07] [Server/DEBUG]: MC version: 1.16.5
[14:43:07] [Server/DEBUG]: Protocol version: 754
[14:43:07] [Server/INFO]: Loading ExamplePlugin from FewerElk (v 1.0)... COMPLETE !
[14:43:07] [Server/INFO]: Loading worlds...
[14:43:07] [Server/DEBUG]: Analysing worlds...
[14:43:07] [Server/DEBUG]: 0 worlds found !
[14:43:07] [Server/INFO]: DONE !
[14:43:09] [Server/DEBUG]: New client
[14:43:09] [Server/DEBUG]: b'\x10\x00\xf2\x05\t127.0.0.1c\xdd\x01\x01\x00'
[14:43:16] [Server/DEBUG]: b''
[14:43:16] [Server/DEBUG]: New client
[14:43:16] [Server/DEBUG]: b'\x10\x00\xf2\x05\t127.0.0.1c\xdd\x01\x01\x00'
[14:43:38] [Server/INFO]: Stopping the server...
[14:43:38] [Server/CRITICAL]: FATAL ERROR : An error occured while running the server : uncatched exception.
[14:43:38] [Server/CRITICAL]: string argument without an encoding
