[18:16:10] [Server/DEBUG]: Starting Plugin APi
[18:16:10] [Server/INFO]: Plugin API loading...
[18:16:10] [Server/INFO]: Checking some things...
[18:16:10] [Server/INFO]: Folder plugin exists!
[18:16:10] [Server/INFO]: Starting loading : Plugin Demo
[18:16:10] [Server/INFO]: Loaded !
[18:16:10] [Server/INFO]: Starting Minecraft server...
[18:16:10] [Server/DEBUG]: Server version: Alpha-dev
[18:16:10] [Server/DEBUG]: MC version: 1.19.4
[18:16:10] [Server/DEBUG]: Protocol version: 762
[18:16:10] [Server/INFO]: Loading ExamplePlugin from FewerElk (v 1.0)... COMPLETE !
[18:16:10] [Server/INFO]: Loading worlds...
[18:16:10] [Server/DEBUG]: Analysing worlds...
[18:16:10] [Server/DEBUG]: 0 worlds found !
[18:16:10] [Server/INFO]: DONE ! Server successfully started on 0.05 seconds.
[18:16:14] [Server/DEBUG]: New client
[18:16:14] [Server/DEBUG]: b'\x10\x00\xfb\x05\tlocalhostc\xdd\x02\x1e\x00\x0bEletrixTime\x01\xa9\x8f\xa6F\xe6AD\xd2\xbdh\xde\x8b\x18\xca\x82\xa9'
[18:16:16] [Server/DEBUG]: b''
[18:16:20] [Server/DEBUG]: New client
[18:16:20] [Server/DEBUG]: b'\x10\x00\xfb\x05\tlocalhostc\xdd\x01\x01\x00'
[18:16:28] [Server/INFO]: Stopping the server...
[18:16:28] [Server/CRITICAL]: FATAL ERROR : An error occured while running the server : uncatched exception.
[18:16:28] [Server/CRITICAL]: string argument without an encoding
