[16:59:53] [Server/DEBUG]: Starting Plugin APi
[16:59:53] [Server/INFO]: Plugin API loading...
[16:59:53] [Server/INFO]: Checking some things...
[16:59:53] [Server/INFO]: Folder plugin exists!
[16:59:53] [Server/INFO]: Starting loading : Plugin Demo
[16:59:53] [Server/INFO]: Loaded !
[16:59:53] [Server/INFO]: Starting Minecraft server...
[16:59:53] [Server/DEBUG]: Server version: Alpha-dev
[16:59:53] [Server/DEBUG]: MC version: 1.19.4
[16:59:53] [Server/DEBUG]: Protocol version: 762
[16:59:53] [Server/INFO]: Loading ExamplePlugin from FewerElk (v 1.0)... COMPLETE !
[16:59:53] [Server/INFO]: Loading worlds...
[16:59:53] [Server/DEBUG]: Analysing worlds...
[16:59:53] [Server/DEBUG]: 0 worlds found !
[16:59:53] [Server/INFO]: DONE ! Server successfully started on 0.05 seconds.
[17:00:32] [Server/DEBUG]: New client
[17:00:32] [Server/DEBUG]: b'\x10\x00\xfb\x05\tlocalhostc\xdd\x01'
[17:00:32] [Server/DEBUG]: New client
[17:00:32] [Server/DEBUG]: b'\x10\x00\xfb\x05\tlocalhostc\xdd\x01\x01\x00'
[17:00:33] [Server/DEBUG]: b'\x01\x00'
[17:00:33] [Server/DEBUG]: New client
[17:00:33] [Server/DEBUG]: b'\xfe\x01\xfa\x00\x0b\x00M\x00C\x00|\x00P\x00i\x00n\x00g\x00H\x00o\x00s\x00t\x00\x19\x7f\x00\t\x00l\x00o\x00c\x00a\x00l\x00h\x00o\x00s\x00t\x00\x00c\xdd'
[17:00:34] [Server/DEBUG]: b''
[17:00:38] [Server/DEBUG]: b''
[17:00:38] [Server/DEBUG]: New client
[17:00:38] [Server/DEBUG]: b'\x10\x00\xfb\x05\tlocalhostc\xdd\x02\x1e\x00\x0bEletrixTime\x01\xa9\x8f\xa6F\xe6AD\xd2\xbdh\xde\x8b\x18\xca\x82\xa9'
[17:00:41] [Server/DEBUG]: b''
[17:00:42] [Server/DEBUG]: New client
[17:00:42] [Server/DEBUG]: b'\x10\x00\xfb\x05\tlocalhostc\xdd\x01\x01\x00'
[17:00:44] [Server/DEBUG]: b''
[17:01:53] [Server/DEBUG]: New client
[17:01:54] [Server/DEBUG]: b'\x10\x00\xf2\x05\tlocalhostc\xdd\x01'
[17:01:54] [Server/DEBUG]: New client
[17:01:54] [Server/DEBUG]: b'\x10\x00\xf2\x05\tlocalhostc\xdd\x01'
[17:01:55] [Server/DEBUG]: b'\x01\x00'
[17:01:55] [Server/DEBUG]: New client
[17:01:55] [Server/DEBUG]: b'\xfe\x01\xfa\x00\x0b\x00M\x00C\x00|\x00P\x00i\x00n\x00g\x00H\x00o\x00s\x00t\x00\x19\x7f\x00\t\x00l\x00o\x00c\x00a\x00l\x00h\x00o\x00s\x00t\x00\x00c\xdd'
[17:01:55] [Server/DEBUG]: b'\x01\x00'
[17:01:55] [Server/DEBUG]: New client
[17:01:55] [Server/DEBUG]: b'\xfe\x01\xfa\x00\x0b\x00M\x00C\x00|\x00P\x00i\x00n\x00g\x00H\x00o\x00s\x00t\x00\x19\x7f\x00\t\x00l\x00o\x00c\x00a\x00l\x00h\x00o\x00s\x00t\x00\x00c\xdd'
[17:01:56] [Server/DEBUG]: b''
[17:01:56] [Server/DEBUG]: b''
[17:01:58] [Server/DEBUG]: New client
[17:01:58] [Server/DEBUG]: b'\x10\x00\xf2\x05\tlocalhostc\xdd\x01\x01\x00'
[17:01:59] [Server/DEBUG]: New client
[17:01:59] [Server/DEBUG]: b'\x10\x00\xf2\x05\tlocalhostc\xdd\x01\x01\x00'
[17:02:01] [Server/DEBUG]: b''
[17:02:01] [Server/DEBUG]: b''
[17:14:28] [Server/DEBUG]: New client
[17:14:28] [Server/DEBUG]: b'\x10\x00\xfd\x05\tlocalhostc\xdd\x01'
[17:14:29] [Server/DEBUG]: b'\x01\x00'
[17:14:29] [Server/DEBUG]: New client
[17:14:29] [Server/DEBUG]: b'\xfe\x01\xfa\x00\x0b\x00M\x00C\x00|\x00P\x00i\x00n\x00g\x00H\x00o\x00s\x00t\x00\x19\x7f\x00\t\x00l\x00o\x00c\x00a\x00l\x00h\x00o\x00s\x00t\x00\x00c\xdd'
[17:14:30] [Server/DEBUG]: b''
[17:14:30] [Server/DEBUG]: b''
[17:14:34] [Server/DEBUG]: New client
[17:14:34] [Server/DEBUG]: b'\x10\x00\xfd\x05\tlocalhostc\xdd\x01\x01\x00'
[17:14:37] [Server/DEBUG]: b''
[17:14:41] [Server/DEBUG]: New client
[17:14:41] [Server/DEBUG]: b'\x10\x00\xfd\x05\tlocalhostc\xdd\x01\x01\x00'
[17:15:11] [Server/DEBUG]: b''
[17:15:11] [Server/DEBUG]: New client
[17:15:11] [Server/DEBUG]: b'\xfe\x01\xfa\x00\x0b\x00M\x00C\x00|\x00P\x00i\x00n\x00g\x00H\x00o\x00s\x00t\x00\x19\x7f\x00\t\x00l\x00o\x00c\x00a\x00l\x00h\x00o\x00s\x00t\x00\x00c\xdd'
[17:15:12] [Server/DEBUG]: b''
[17:15:30] [Server/DEBUG]: New client
[17:15:30] [Server/DEBUG]: b'\x10\x00\xfd\x05\tlocalhostc\xdd\x02'
[17:15:31] [Server/DEBUG]: b'\x1d\x00\x0bEletrixTime\xa9\x8f\xa6F\xe6AD\xd2\xbdh\xde\x8b\x18\xca\x82\xa9'
[17:23:42] [Server/INFO]: Stopping the server...
[17:23:42] [Server/CRITICAL]: FATAL ERROR : An error occured while running the server : uncatched exception.
[17:23:42] [Server/CRITICAL]: string argument without an encoding
