[13:28:16] [Server/DEBUG]: Starting Plugin APi
[13:28:16] [Server/INFO]: Plugin API loading...
[13:28:17] [Server/INFO]: Checking some things...
[13:28:17] [Server/INFO]: Folder plugin exists!
[13:28:17] [Server/INFO]: Starting loading : Plugin Demo
[13:28:17] [Server/INFO]: Loaded !
[13:28:17] [Server/INFO]: Starting Minecraft server...
[13:28:17] [Server/DEBUG]: Server version: Alpha-dev
[13:28:17] [Server/DEBUG]: MC version: 1.19.4
[13:28:17] [Server/DEBUG]: Protocol version: 762
[13:28:17] [Server/INFO]: Loading ExamplePlugin from FewerElk (v 1.0)... COMPLETE !
[13:28:17] [Server/INFO]: Loading worlds...
[13:28:17] [Server/DEBUG]: Analysing worlds...
[13:28:17] [Server/DEBUG]: 0 worlds found !
[13:28:17] [Server/INFO]: DONE ! Server successfully started on 0.09 seconds.
[13:28:20] [Server/DEBUG]: New client
[13:28:20] [Server/DEBUG]: b'\x0f\x00\x00\tlocalhostc\xdd\x01\x01\x00'
[13:28:20] [Server/DEBUG]: Received ping
[13:29:18] [Server/INFO]: Stopping the server...
[13:29:18] [Server/CRITICAL]: FATAL ERROR : An error occured while running the server : uncaught exception.
[13:29:18] [Server/CRITICAL]: string argument without an encoding
[13:29:18] [Server/UNKNOW]: <class 'TypeError'>
